# JRE version: Java(TM) SE Runtime Environment (8.0_45-b14) (build 1.8.0_45-b14)
# Java VM: Java HotSpot(TM) 64-Bit Server VM (25.45-b02 mixed mode bsd-amd64 compressed oops)
Heap:
 PSYoungGen      total 648192K, used 413675K [0x0000000795580000, 0x00000007c0000000, 0x00000007c0000000)
  eden space 621056K, 62% used [0x0000000795580000,0x00000007acf5ae80,0x00000007bb400000)
  from space 27136K, 98% used [0x00000007bb400000,0x00000007bce20020,0x00000007bce80000)
  to   space 40448K, 0% used [0x00000007bd880000,0x00000007bd880000,0x00000007c0000000)
 ParOldGen       total 194048K, used 70659K [0x0000000740000000, 0x000000074bd80000, 0x0000000795580000)
  object space 194048K, 36% used [0x0000000740000000,0x0000000744500de0,0x000000074bd80000)
 Metaspace       used 91424K, capacity 122998K, committed 123136K, reserved 1138688K
  class space    used 23417K, capacity 33759K, committed 33792K, reserved 1048576K
GC Heap History (10 events):
Event: 45.208 GC heap before
{Heap before GC invocations=21 (full 4):
 PSYoungGen      total 659456K, used 625152K [0x0000000795580000, 0x00000007c0000000, 0x00000007c0000000)
  eden space 625152K, 100% used [0x0000000795580000,0x00000007bb800000,0x00000007bb800000)
  from space 34304K, 0% used [0x00000007bde80000,0x00000007bde80000,0x00000007c0000000)
  to   space 36864K, 0% used [0x00000007bb800000,0x00000007bb800000,0x00000007bdc00000)
 ParOldGen       total 194048K, used 70619K [0x0000000740000000, 0x000000074bd80000, 0x0000000795580000)
  object space 194048K, 36% used [0x0000000740000000,0x00000007444f6de0,0x000000074bd80000)
 Metaspace       used 77852K, capacity 99192K, committed 99328K, reserved 1122304K
  class space    used 19490K, capacity 26555K, committed 26624K, reserved 1048576K
Event: 45.213 GC heap after
Heap after GC invocations=21 (full 4):
 PSYoungGen      total 662016K, used 3222K [0x0000000795580000, 0x00000007c0000000, 0x00000007c0000000)
  eden space 625152K, 0% used [0x0000000795580000,0x0000000795580000,0x00000007bb800000)
  from space 36864K, 8% used [0x00000007bb800000,0x00000007bbb25910,0x00000007bdc00000)
  to   space 36864K, 0% used [0x00000007bdc00000,0x00000007bdc00000,0x00000007c0000000)
 ParOldGen       total 194048K, used 70627K [0x0000000740000000, 0x000000074bd80000, 0x0000000795580000)
  object space 194048K, 36% used [0x0000000740000000,0x00000007444f8de0,0x000000074bd80000)
 Metaspace       used 77852K, capacity 99192K, committed 99328K, reserved 1122304K
  class space    used 19490K, capacity 26555K, committed 26624K, reserved 1048576K
}
Event: 48.366 GC heap before
{Heap before GC invocations=22 (full 4):
 PSYoungGen      total 662016K, used 628374K [0x0000000795580000, 0x00000007c0000000, 0x00000007c0000000)
  eden space 625152K, 100% used [0x0000000795580000,0x00000007bb800000,0x00000007bb800000)
  from space 36864K, 8% used [0x00000007bb800000,0x00000007bbb25910,0x00000007bdc00000)
  to   space 36864K, 0% used [0x00000007bdc00000,0x00000007bdc00000,0x00000007c0000000)
 ParOldGen       total 194048K, used 70627K [0x0000000740000000, 0x000000074bd80000, 0x0000000795580000)
  object space 194048K, 36% used [0x0000000740000000,0x00000007444f8de0,0x000000074bd80000)
 Metaspace       used 82098K, capacity 105802K, committed 105856K, reserved 1126400K
  class space    used 20746K, capacity 28505K, committed 28544K, reserved 1048576K
Event: 48.400 GC heap after
Heap after GC invocations=22 (full 4):
 PSYoungGen      total 657920K, used 12423K [0x0000000795580000, 0x00000007bfc00000, 0x00000007c0000000)
  eden space 625152K, 0% used [0x0000000795580000,0x0000000795580000,0x00000007bb800000)
  from space 32768K, 37% used [0x00000007bdc00000,0x00000007be821fd0,0x00000007bfc00000)
  to   space 34816K, 0% used [0x00000007bb800000,0x00000007bb800000,0x00000007bda00000)
 ParOldGen       total 194048K, used 70635K [0x0000000740000000, 0x000000074bd80000, 0x0000000795580000)
  object space 194048K, 36% used [0x0000000740000000,0x00000007444fade0,0x000000074bd80000)
 Metaspace       used 82098K, capacity 105802K, committed 105856K, reserved 1126400K
  class space    used 20746K, capacity 28505K, committed 28544K, reserved 1048576K
}
Event: 53.616 GC heap before
{Heap before GC invocations=23 (full 4):
 PSYoungGen      total 657920K, used 637575K [0x0000000795580000, 0x00000007bfc00000, 0x00000007c0000000)
  eden space 625152K, 100% used [0x0000000795580000,0x00000007bb800000,0x00000007bb800000)
  from space 32768K, 37% used [0x00000007bdc00000,0x00000007be821fd0,0x00000007bfc00000)
  to   space 34816K, 0% used [0x00000007bb800000,0x00000007bb800000,0x00000007bda00000)
 ParOldGen       total 194048K, used 70635K [0x0000000740000000, 0x000000074bd80000, 0x0000000795580000)
  object space 194048K, 36% used [0x0000000740000000,0x00000007444fade0,0x000000074bd80000)
 Metaspace       used 88775K, capacity 117648K, committed 117760K, reserved 1134592K
  class space    used 22715K, capacity 31889K, committed 32000K, reserved 1048576K
Event: 53.664 GC heap after
Heap after GC invocations=23 (full 4):
 PSYoungGen      total 659968K, used 24361K [0x0000000795580000, 0x00000007c0000000, 0x00000007c0000000)
  eden space 625152K, 0% used [0x0000000795580000,0x0000000795580000,0x00000007bb800000)
  from space 34816K, 69% used [0x00000007bb800000,0x00000007bcfca5e8,0x00000007bda00000)
  to   space 36864K, 0% used [0x00000007bdc00000,0x00000007bdc00000,0x00000007c0000000)
 ParOldGen       total 194048K, used 70643K [0x0000000740000000, 0x000000074bd80000, 0x0000000795580000)
  object space 194048K, 36% used [0x0000000740000000,0x00000007444fcde0,0x000000074bd80000)
 Metaspace       used 88775K, capacity 117648K, committed 117760K, reserved 1134592K
  class space    used 22715K, capacity 31889K, committed 32000K, reserved 1048576K
}
Event: 57.535 GC heap before
{Heap before GC invocations=24 (full 4):
 PSYoungGen      total 659968K, used 649513K [0x0000000795580000, 0x00000007c0000000, 0x00000007c0000000)
  eden space 625152K, 100% used [0x0000000795580000,0x00000007bb800000,0x00000007bb800000)
  from space 34816K, 69% used [0x00000007bb800000,0x00000007bcfca5e8,0x00000007bda00000)
  to   space 36864K, 0% used [0x00000007bdc00000,0x00000007bdc00000,0x00000007c0000000)
 ParOldGen       total 194048K, used 70643K [0x0000000740000000, 0x000000074bd80000, 0x0000000795580000)
  object space 194048K, 36% used [0x0000000740000000,0x00000007444fcde0,0x000000074bd80000)
 Metaspace       used 91313K, capacity 122714K, committed 122880K, reserved 1138688K
  class space    used 23408K, capacity 33719K, committed 33792K, reserved 1048576K
Event: 57.577 GC heap after
Heap after GC invocations=24 (full 4):
 PSYoungGen      total 657920K, used 26864K [0x0000000795580000, 0x00000007c0000000, 0x00000007c0000000)
  eden space 621056K, 0% used [0x0000000795580000,0x0000000795580000,0x00000007bb400000)
  from space 36864K, 72% used [0x00000007bdc00000,0x00000007bf63c030,0x00000007c0000000)
  to   space 38912K, 0% used [0x00000007bb400000,0x00000007bb400000,0x00000007bda00000)
 ParOldGen       total 194048K, used 70651K [0x0000000740000000, 0x000000074bd80000, 0x0000000795580000)
  object space 194048K, 36% used [0x0000000740000000,0x00000007444fede0,0x000000074bd80000)
 Metaspace       used 91313K, capacity 122714K, committed 122880K, reserved 1138688K
  class space    used 23408K, capacity 33719K, committed 33792K, reserved 1048576K
}
Event: 80.361 GC heap before
{Heap before GC invocations=25 (full 4):
 PSYoungGen      total 657920K, used 647920K [0x0000000795580000, 0x00000007c0000000, 0x00000007c0000000)
  eden space 621056K, 100% used [0x0000000795580000,0x00000007bb400000,0x00000007bb400000)
  from space 36864K, 72% used [0x00000007bdc00000,0x00000007bf63c030,0x00000007c0000000)
  to   space 38912K, 0% used [0x00000007bb400000,0x00000007bb400000,0x00000007bda00000)
 ParOldGen       total 194048K, used 70651K [0x0000000740000000, 0x000000074bd80000, 0x0000000795580000)
  object space 194048K, 36% used [0x0000000740000000,0x00000007444fede0,0x000000074bd80000)
 Metaspace       used 91367K, capacity 122742K, committed 122880K, reserved 1138688K
  class space    used 23408K, capacity 33719K, committed 33792K, reserved 1048576K
Event: 80.408 GC heap after
Heap after GC invocations=25 (full 4):
 PSYoungGen      total 648192K, used 26752K [0x0000000795580000, 0x00000007c0000000, 0x00000007c0000000)
  eden space 621056K, 0% used [0x0000000795580000,0x0000000795580000,0x00000007bb400000)
  from space 27136K, 98% used [0x00000007bb400000,0x00000007bce20020,0x00000007bce80000)
  to   space 40448K, 0% used [0x00000007bd880000,0x00000007bd880000,0x00000007c0000000)
 ParOldGen       total 194048K, used 70659K [0x0000000740000000, 0x000000074bd80000, 0x0000000795580000)
  object space 194048K, 36% used [0x0000000740000000,0x0000000744500de0,0x000000074bd80000)
 Metaspace       used 91367K, capacity 122742K, committed 122880K, reserved 1138688K
  class space    used 23408K, capacity 33719K, committed 33792K, reserved 1048576K
}

