# JRE version: Java(TM) SE Runtime Environment (8.0_45-b14) (build 1.8.0_45-b14)
# Java VM: Java HotSpot(TM) 64-Bit Server VM (25.45-b02 mixed mode bsd-amd64 compressed oops)
Heap:
 PSYoungGen      total 660992K, used 172214K [0x0000000795580000, 0x00000007be100000, 0x00000007c0000000)
  eden space 654848K, 26% used [0x0000000795580000,0x000000079fd8d950,0x00000007bd500000)
  from space 6144K, 2% used [0x00000007bd500000,0x00000007bd520000,0x00000007bdb00000)
  to   space 5632K, 0% used [0x00000007bdb80000,0x00000007bdb80000,0x00000007be100000)
 ParOldGen       total 220672K, used 94087K [0x0000000740000000, 0x000000074d780000, 0x0000000795580000)
  object space 220672K, 42% used [0x0000000740000000,0x0000000745be1cc8,0x000000074d780000)
 Metaspace       used 88117K, capacity 118698K, committed 118976K, reserved 1136640K
  class space    used 21559K, capacity 31636K, committed 31680K, reserved 1048576K
GC Heap History (10 events):
Event: 4358.151 GC heap before
{Heap before GC invocations=69 (full 4):
 PSYoungGen      total 660480K, used 652960K [0x0000000795580000, 0x00000007be300000, 0x00000007c0000000)
  eden space 652800K, 100% used [0x0000000795580000,0x00000007bd300000,0x00000007bd300000)
  from space 7680K, 2% used [0x00000007bdb80000,0x00000007bdba8000,0x00000007be300000)
  to   space 8192K, 0% used [0x00000007bd300000,0x00000007bd300000,0x00000007bdb00000)
 ParOldGen       total 220672K, used 93959K [0x0000000740000000, 0x000000074d780000, 0x0000000795580000)
  object space 220672K, 42% used [0x0000000740000000,0x0000000745bc1cc8,0x000000074d780000)
 Metaspace       used 88054K, capacity 118478K, committed 118720K, reserved 1136640K
  class space    used 21543K, capacity 31584K, committed 31680K, reserved 1048576K
Event: 4358.157 GC heap after
Heap after GC invocations=69 (full 4):
 PSYoungGen      total 660992K, used 160K [0x0000000795580000, 0x00000007be200000, 0x00000007c0000000)
  eden space 652800K, 0% used [0x0000000795580000,0x0000000795580000,0x00000007bd300000)
  from space 8192K, 1% used [0x00000007bd300000,0x00000007bd328000,0x00000007bdb00000)
  to   space 7168K, 0% used [0x00000007bdb00000,0x00000007bdb00000,0x00000007be200000)
 ParOldGen       total 220672K, used 93991K [0x0000000740000000, 0x000000074d780000, 0x0000000795580000)
  object space 220672K, 42% used [0x0000000740000000,0x0000000745bc9cc8,0x000000074d780000)
 Metaspace       used 88054K, capacity 118478K, committed 118720K, reserved 1136640K
  class space    used 21543K, capacity 31584K, committed 31680K, reserved 1048576K
}
Event: 4388.404 GC heap before
{Heap before GC invocations=70 (full 4):
 PSYoungGen      total 660992K, used 652960K [0x0000000795580000, 0x00000007be200000, 0x00000007c0000000)
  eden space 652800K, 100% used [0x0000000795580000,0x00000007bd300000,0x00000007bd300000)
  from space 8192K, 1% used [0x00000007bd300000,0x00000007bd328000,0x00000007bdb00000)
  to   space 7168K, 0% used [0x00000007bdb00000,0x00000007bdb00000,0x00000007be200000)
 ParOldGen       total 220672K, used 93991K [0x0000000740000000, 0x000000074d780000, 0x0000000795580000)
  object space 220672K, 42% used [0x0000000740000000,0x0000000745bc9cc8,0x000000074d780000)
 Metaspace       used 88060K, capacity 118490K, committed 118720K, reserved 1136640K
  class space    used 21545K, capacity 31588K, committed 31680K, reserved 1048576K
Event: 4388.410 GC heap after
Heap after GC invocations=70 (full 4):
 PSYoungGen      total 659968K, used 160K [0x0000000795580000, 0x00000007be100000, 0x00000007c0000000)
  eden space 653824K, 0% used [0x0000000795580000,0x0000000795580000,0x00000007bd400000)
  from space 6144K, 2% used [0x00000007bdb00000,0x00000007bdb28000,0x00000007be100000)
  to   space 6656K, 0% used [0x00000007bd400000,0x00000007bd400000,0x00000007bda80000)
 ParOldGen       total 220672K, used 93991K [0x0000000740000000, 0x000000074d780000, 0x0000000795580000)
  object space 220672K, 42% used [0x0000000740000000,0x0000000745bc9cc8,0x000000074d780000)
 Metaspace       used 88060K, capacity 118490K, committed 118720K, reserved 1136640K
  class space    used 21545K, capacity 31588K, committed 31680K, reserved 1048576K
}
Event: 4418.777 GC heap before
{Heap before GC invocations=71 (full 4):
 PSYoungGen      total 659968K, used 653984K [0x0000000795580000, 0x00000007be100000, 0x00000007c0000000)
  eden space 653824K, 100% used [0x0000000795580000,0x00000007bd400000,0x00000007bd400000)
  from space 6144K, 2% used [0x00000007bdb00000,0x00000007bdb28000,0x00000007be100000)
  to   space 6656K, 0% used [0x00000007bd400000,0x00000007bd400000,0x00000007bda80000)
 ParOldGen       total 220672K, used 93991K [0x0000000740000000, 0x000000074d780000, 0x0000000795580000)
  object space 220672K, 42% used [0x0000000740000000,0x0000000745bc9cc8,0x000000074d780000)
 Metaspace       used 88066K, capacity 118502K, committed 118720K, reserved 1136640K
  class space    used 21548K, capacity 31592K, committed 31680K, reserved 1048576K
Event: 4418.783 GC heap after
Heap after GC invocations=71 (full 4):
 PSYoungGen      total 660480K, used 128K [0x0000000795580000, 0x00000007be200000, 0x00000007c0000000)
  eden space 653824K, 0% used [0x0000000795580000,0x0000000795580000,0x00000007bd400000)
  from space 6656K, 1% used [0x00000007bd400000,0x00000007bd420000,0x00000007bda80000)
  to   space 6656K, 0% used [0x00000007bdb80000,0x00000007bdb80000,0x00000007be200000)
 ParOldGen       total 220672K, used 94023K [0x0000000740000000, 0x000000074d780000, 0x0000000795580000)
  object space 220672K, 42% used [0x0000000740000000,0x0000000745bd1cc8,0x000000074d780000)
 Metaspace       used 88066K, capacity 118502K, committed 118720K, reserved 1136640K
  class space    used 21548K, capacity 31592K, committed 31680K, reserved 1048576K
}
Event: 4449.030 GC heap before
{Heap before GC invocations=72 (full 4):
 PSYoungGen      total 660480K, used 653952K [0x0000000795580000, 0x00000007be200000, 0x00000007c0000000)
  eden space 653824K, 100% used [0x0000000795580000,0x00000007bd400000,0x00000007bd400000)
  from space 6656K, 1% used [0x00000007bd400000,0x00000007bd420000,0x00000007bda80000)
  to   space 6656K, 0% used [0x00000007bdb80000,0x00000007bdb80000,0x00000007be200000)
 ParOldGen       total 220672K, used 94023K [0x0000000740000000, 0x000000074d780000, 0x0000000795580000)
  object space 220672K, 42% used [0x0000000740000000,0x0000000745bd1cc8,0x000000074d780000)
 Metaspace       used 88066K, capacity 118502K, committed 118720K, reserved 1136640K
  class space    used 21548K, capacity 31592K, committed 31680K, reserved 1048576K
Event: 4449.036 GC heap after
Heap after GC invocations=72 (full 4):
 PSYoungGen      total 660480K, used 128K [0x0000000795580000, 0x00000007be100000, 0x00000007c0000000)
  eden space 654848K, 0% used [0x0000000795580000,0x0000000795580000,0x00000007bd500000)
  from space 5632K, 2% used [0x00000007bdb80000,0x00000007bdba0000,0x00000007be100000)
  to   space 6144K, 0% used [0x00000007bd500000,0x00000007bd500000,0x00000007bdb00000)
 ParOldGen       total 220672K, used 94055K [0x0000000740000000, 0x000000074d780000, 0x0000000795580000)
  object space 220672K, 42% used [0x0000000740000000,0x0000000745bd9cc8,0x000000074d780000)
 Metaspace       used 88066K, capacity 118502K, committed 118720K, reserved 1136640K
  class space    used 21548K, capacity 31592K, committed 31680K, reserved 1048576K
}
Event: 4479.147 GC heap before
{Heap before GC invocations=73 (full 4):
 PSYoungGen      total 660480K, used 654976K [0x0000000795580000, 0x00000007be100000, 0x00000007c0000000)
  eden space 654848K, 100% used [0x0000000795580000,0x00000007bd500000,0x00000007bd500000)
  from space 5632K, 2% used [0x00000007bdb80000,0x00000007bdba0000,0x00000007be100000)
  to   space 6144K, 0% used [0x00000007bd500000,0x00000007bd500000,0x00000007bdb00000)
 ParOldGen       total 220672K, used 94055K [0x0000000740000000, 0x000000074d780000, 0x0000000795580000)
  object space 220672K, 42% used [0x0000000740000000,0x0000000745bd9cc8,0x000000074d780000)
 Metaspace       used 88069K, capacity 118508K, committed 118720K, reserved 1136640K
  class space    used 21549K, capacity 31594K, committed 31680K, reserved 1048576K
Event: 4479.153 GC heap after
Heap after GC invocations=73 (full 4):
 PSYoungGen      total 660992K, used 128K [0x0000000795580000, 0x00000007be100000, 0x00000007c0000000)
  eden space 654848K, 0% used [0x0000000795580000,0x0000000795580000,0x00000007bd500000)
  from space 6144K, 2% used [0x00000007bd500000,0x00000007bd520000,0x00000007bdb00000)
  to   space 5632K, 0% used [0x00000007bdb80000,0x00000007bdb80000,0x00000007be100000)
 ParOldGen       total 220672K, used 94087K [0x0000000740000000, 0x000000074d780000, 0x0000000795580000)
  object space 220672K, 42% used [0x0000000740000000,0x0000000745be1cc8,0x000000074d780000)
 Metaspace       used 88069K, capacity 118508K, committed 118720K, reserved 1136640K
  class space    used 21549K, capacity 31594K, committed 31680K, reserved 1048576K
}

